app/build/intermediates/manifest_merge_blame_file/debug/manifest-merger-blame-debug-report.txt
1<?xml version="1.0" encoding="utf-8"?>
2<manifest xmlns:android="http://schemas.android.com/apk/res/android"
3    package="com.ayush.mp3"
4    android:versionCode="1"
5    android:versionName="1.0" >
6
7    <uses-sdk
8        android:minSdkVersion="16"
8-->src\main\AndroidManifest.xml
9        android:targetSdkVersion="32" />
9-->src\main\AndroidManifest.xml
10    <!-- <uses-permission android:name="android.permission.READ_INTERNAL_STORAGE"/> -->
11    <uses-permission android:name="android.permission.READ_EXTERNAL_STORAGE" />
11-->src\main\AndroidManifest.xml:6:5-79
11-->src\main\AndroidManifest.xml:6:22-77
12    <uses-permission android:name="android.permission.FOREGROUND_SERVICE" />
12-->src\main\AndroidManifest.xml:7:5-77
12-->src\main\AndroidManifest.xml:7:22-74
13
14    <application
14-->src\main\AndroidManifest.xml:11:5-46:19
15        android:allowBackup="true"
15-->src\main\AndroidManifest.xml:14:9-35
16        android:appComponentFactory="androidx.core.app.CoreComponentFactory"
16-->[androidx.core:core:1.7.0] AndroidManifest.xml:24:18-86
17        android:dataExtractionRules="@xml/data_extraction_rules"
17-->src\main\AndroidManifest.xml:15:9-65
18        android:debuggable="true"
19        android:fullBackupContent="@xml/backup_rules"
19-->src\main\AndroidManifest.xml:16:9-54
20        android:icon="@mipmap/ic_launcher"
20-->src\main\AndroidManifest.xml:17:9-43
21        android:label="@string/app_name"
21-->src\main\AndroidManifest.xml:18:9-41
22        android:roundIcon="@mipmap/ic_launcher_round"
22-->src\main\AndroidManifest.xml:19:9-54
23        android:supportsRtl="true"
23-->src\main\AndroidManifest.xml:20:9-35
24        android:testOnly="true"
25        android:theme="@style/Theme.Mp3" >
25-->src\main\AndroidManifest.xml:21:9-41
26        <activity
26-->src\main\AndroidManifest.xml:23:9-31:20
27            android:name="com.ayush.mp3.MainActivity"
27-->src\main\AndroidManifest.xml:24:13-41
28            android:exported="true" >
28-->src\main\AndroidManifest.xml:25:13-36
29            <intent-filter>
29-->src\main\AndroidManifest.xml:26:13-30:29
30                <action android:name="android.intent.action.MAIN" />
30-->src\main\AndroidManifest.xml:27:17-69
30-->src\main\AndroidManifest.xml:27:25-66
31
32                <category android:name="android.intent.category.LAUNCHER" />
32-->src\main\AndroidManifest.xml:29:17-77
32-->src\main\AndroidManifest.xml:29:27-74
33            </intent-filter>
34        </activity>
35
36        <service
36-->src\main\AndroidManifest.xml:32:9-39:19
37            android:name="com.ayush.mp3.MediaSessionService"
37-->src\main\AndroidManifest.xml:33:13-48
38            android:enabled="true"
38-->src\main\AndroidManifest.xml:34:13-35
39            android:exported="true" >
39-->src\main\AndroidManifest.xml:35:13-36
40            <intent-filter>
40-->src\main\AndroidManifest.xml:36:13-38:29
41                <action android:name="android.intent.action.MEDIA_BUTTON" />
41-->src\main\AndroidManifest.xml:37:17-76
41-->src\main\AndroidManifest.xml:37:25-74
42            </intent-filter>
43        </service>
44
45        <receiver
45-->src\main\AndroidManifest.xml:40:9-45:20
46            android:name="androidx.media.session.MediaButtonReceiver"
46-->src\main\AndroidManifest.xml:40:19-76
47            android:exported="true" >
47-->src\main\AndroidManifest.xml:41:13-36
48            <intent-filter>
48-->src\main\AndroidManifest.xml:36:13-38:29
49                <action android:name="android.intent.action.MEDIA_BUTTON" />
49-->src\main\AndroidManifest.xml:37:17-76
49-->src\main\AndroidManifest.xml:37:25-74
50            </intent-filter>
51        </receiver>
52
53        <activity
53-->[com.karumi:dexter:6.2.3] AndroidManifest.xml:27:9-29:72
54            android:name="com.karumi.dexter.DexterActivity"
54-->[com.karumi:dexter:6.2.3] AndroidManifest.xml:28:13-60
55            android:theme="@style/Dexter.Internal.Theme.Transparent" />
55-->[com.karumi:dexter:6.2.3] AndroidManifest.xml:29:13-69
56        <activity
56-->[com.google.android.gms:play-services-base:18.0.1] AndroidManifest.xml:20:9-22:45
57            android:name="com.google.android.gms.common.api.GoogleApiActivity"
57-->[com.google.android.gms:play-services-base:18.0.1] AndroidManifest.xml:20:19-85
58            android:exported="false"
58-->[com.google.android.gms:play-services-base:18.0.1] AndroidManifest.xml:22:19-43
59            android:theme="@android:style/Theme.Translucent.NoTitleBar" />
59-->[com.google.android.gms:play-services-base:18.0.1] AndroidManifest.xml:21:19-78
60
61        <meta-data
61-->[com.google.android.gms:play-services-basement:18.0.0] AndroidManifest.xml:21:9-23:69
62            android:name="com.google.android.gms.version"
62-->[com.google.android.gms:play-services-basement:18.0.0] AndroidManifest.xml:22:13-58
63            android:value="@integer/google_play_services_version" />
63-->[com.google.android.gms:play-services-basement:18.0.0] AndroidManifest.xml:23:13-66
64
65        <provider
65-->[androidx.emoji2:emoji2:1.0.0] AndroidManifest.xml:26:9-34:20
66            android:name="androidx.startup.InitializationProvider"
66-->[androidx.emoji2:emoji2:1.0.0] AndroidManifest.xml:27:13-67
67            android:authorities="com.ayush.mp3.androidx-startup"
67-->[androidx.emoji2:emoji2:1.0.0] AndroidManifest.xml:28:13-68
68            android:exported="false" >
68-->[androidx.emoji2:emoji2:1.0.0] AndroidManifest.xml:29:13-37
69            <meta-data
69-->[androidx.emoji2:emoji2:1.0.0] AndroidManifest.xml:31:13-33:52
70                android:name="androidx.emoji2.text.EmojiCompatInitializer"
70-->[androidx.emoji2:emoji2:1.0.0] AndroidManifest.xml:32:17-75
71                android:value="androidx.startup" />
71-->[androidx.emoji2:emoji2:1.0.0] AndroidManifest.xml:33:17-49
72            <meta-data
72-->[androidx.lifecycle:lifecycle-process:2.4.0] AndroidManifest.xml:31:13-33:52
73                android:name="androidx.lifecycle.ProcessLifecycleInitializer"
73-->[androidx.lifecycle:lifecycle-process:2.4.0] AndroidManifest.xml:32:17-78
74                android:value="androidx.startup" />
74-->[androidx.lifecycle:lifecycle-process:2.4.0] AndroidManifest.xml:33:17-49
75        </provider>
76    </application>
77
78</manifest>